*** Starting uWSGI 2.0.17.1 (64bit) on [Thu Mar  7 01:45:08 2019] ***
compiled with version: 4.8.5 20150623 (Red Hat 4.8.5-28) on 12 October 2018 07:51:35
os: Linux-3.10.0-862.14.4.el7.x86_64 #1 SMP Wed Sep 26 15:12:11 UTC 2018
nodename: izwz9eyf40vf8td976ap0az
machine: x86_64
clock source: unix
pcre jit disabled
detected number of CPU cores: 1
current working directory: /home/yuqin/yuqin
detected binary path: /usr/local/python3/bin/uwsgi
uWSGI running as root, you can use --uid/--gid/--chroot options
*** WARNING: you are running uWSGI as root !!! (use the --uid flag) *** 
chdir() to /home/yuqin/yuqin/
*** WARNING: you are running uWSGI without its master process manager ***
your processes number limit is 3883
your memory page size is 4096 bytes
detected max file descriptor number: 65535
lock engine: pthread robust mutexes
thunder lock: disabled (you can enable it with --thunder-lock)
uwsgi socket 0 bound to TCP address 127.0.0.1:8010 fd 3
uWSGI running as root, you can use --uid/--gid/--chroot options
*** WARNING: you are running uWSGI as root !!! (use the --uid flag) *** 
Python version: 3.6.6 (default, Oct 11 2018, 16:42:06)  [GCC 4.8.5 20150623 (Red Hat 4.8.5-28)]
*** Python threads support is disabled. You can enable it with --enable-threads ***
Python main interpreter initialized at 0x28f4bc0
uWSGI running as root, you can use --uid/--gid/--chroot options
*** WARNING: you are running uWSGI as root !!! (use the --uid flag) *** 
your server socket listen backlog is limited to 100 connections
your mercy for graceful operations on workers is 60 seconds
mapped 291680 bytes (284 KB) for 4 cores
*** Operational MODE: preforking ***
WSGI app 0 (mountpoint='') ready in 2 seconds on interpreter 0x28f4bc0 pid: 6987 (default app)
uWSGI running as root, you can use --uid/--gid/--chroot options
*** WARNING: you are running uWSGI as root !!! (use the --uid flag) *** 
*** uWSGI is running in multiple interpreter mode ***
spawned uWSGI worker 1 (pid: 6987, cores: 1)
spawned uWSGI worker 2 (pid: 6991, cores: 1)
spawned uWSGI worker 3 (pid: 6992, cores: 1)
spawned uWSGI worker 4 (pid: 6993, cores: 1)
[pid: 6991|app: 0|req: 1/1] 113.91.91.174 () {46 vars in 759 bytes} [Wed Mar  6 17:46:48 2019] GET / => generated 572 bytes in 316 msecs (HTTP/1.1 200) 3 headers in 109 bytes (1 switches on core 0)
[pid: 6993|app: 0|req: 1/2] 113.91.91.174 () {48 vars in 759 bytes} [Wed Mar  6 17:46:48 2019] GET /favicon.ico => generated 85 bytes in 28 msecs (HTTP/1.1 404) 3 headers in 100 bytes (1 switches on core 0)
[pid: 6991|app: 0|req: 2/3] 113.91.91.174 () {44 vars in 754 bytes} [Wed Mar  6 17:47:44 2019] GET / => generated 572 bytes in 1 msecs (HTTP/1.1 200) 3 headers in 109 bytes (1 switches on core 0)
[pid: 6992|app: 0|req: 1/4] 113.91.91.174 () {44 vars in 754 bytes} [Wed Mar  6 17:47:52 2019] GET / => generated 572 bytes in 24 msecs (HTTP/1.1 200) 3 headers in 109 bytes (1 switches on core 0)
[pid: 6991|app: 0|req: 3/5] 113.91.91.174 () {44 vars in 763 bytes} [Wed Mar  6 17:48:34 2019] GET / => generated 572 bytes in 1 msecs (HTTP/1.1 200) 3 headers in 109 bytes (1 switches on core 0)
[pid: 6993|app: 0|req: 2/6] 113.91.91.174 () {44 vars in 759 bytes} [Wed Mar  6 17:49:24 2019] GET / => generated 572 bytes in 3 msecs (HTTP/1.1 200) 3 headers in 109 bytes (1 switches on core 0)
